/*C173*/SET SCHEMA PUBLIC
DISCONNECT
/*C174*/SET SCHEMA PUBLIC
DISCONNECT
/*C175*/SET SCHEMA PUBLIC
DISCONNECT
/*C176*/SET SCHEMA PUBLIC
DISCONNECT
/*C177*/SET SCHEMA PUBLIC
DISCONNECT
/*C178*/SET SCHEMA PUBLIC
DISCONNECT
/*C179*/SET SCHEMA PUBLIC
DISCONNECT
/*C180*/SET SCHEMA PUBLIC
DISCONNECT
/*C181*/SET SCHEMA PUBLIC
DISCONNECT
/*C182*/SET SCHEMA PUBLIC
DISCONNECT
/*C183*/SET SCHEMA PUBLIC
DISCONNECT
/*C184*/SET SCHEMA PUBLIC
DISCONNECT
/*C185*/SET SCHEMA PUBLIC
DISCONNECT
/*C186*/SET SCHEMA PUBLIC
DISCONNECT
/*C187*/SET SCHEMA PUBLIC
DISCONNECT
/*C188*/SET SCHEMA PUBLIC
DISCONNECT
/*C189*/SET SCHEMA PUBLIC
DISCONNECT
/*C190*/SET SCHEMA PUBLIC
DISCONNECT
/*C191*/SET SCHEMA PUBLIC
DISCONNECT
/*C192*/SET SCHEMA PUBLIC
DISCONNECT
/*C193*/SET SCHEMA PUBLIC
DISCONNECT
/*C194*/SET SCHEMA PUBLIC
DISCONNECT
/*C195*/SET SCHEMA PUBLIC
DISCONNECT
/*C196*/SET SCHEMA PUBLIC
DISCONNECT
/*C197*/SET SCHEMA PUBLIC
DISCONNECT
/*C198*/SET SCHEMA PUBLIC
DISCONNECT
/*C199*/SET SCHEMA PUBLIC
DISCONNECT
/*C200*/SET SCHEMA PUBLIC
DISCONNECT
/*C201*/SET SCHEMA PUBLIC
DISCONNECT
/*C202*/SET SCHEMA PUBLIC
DISCONNECT
/*C203*/SET SCHEMA PUBLIC
DISCONNECT
/*C204*/SET SCHEMA PUBLIC
DISCONNECT
/*C205*/SET SCHEMA PUBLIC
DISCONNECT
/*C206*/SET SCHEMA PUBLIC
DISCONNECT
/*C207*/SET SCHEMA PUBLIC
DISCONNECT
/*C208*/SET SCHEMA PUBLIC
DISCONNECT
/*C209*/SET SCHEMA PUBLIC
DISCONNECT
/*C210*/SET SCHEMA PUBLIC
DISCONNECT
/*C211*/SET SCHEMA PUBLIC
DISCONNECT
/*C212*/SET SCHEMA PUBLIC
DISCONNECT
/*C213*/SET SCHEMA PUBLIC
DISCONNECT
/*C214*/SET SCHEMA PUBLIC
DISCONNECT
/*C215*/SET SCHEMA PUBLIC
DISCONNECT
/*C216*/SET SCHEMA PUBLIC
DISCONNECT
/*C217*/SET SCHEMA PUBLIC
DISCONNECT
/*C218*/SET SCHEMA PUBLIC
DISCONNECT
/*C221*/SET SCHEMA PUBLIC
DISCONNECT
/*C220*/SET SCHEMA PUBLIC
DISCONNECT
/*C219*/SET SCHEMA PUBLIC
DISCONNECT
/*C222*/SET SCHEMA PUBLIC
DELETE FROM NODES WHERE ID='2' AND PARENT_ID='1' AND CLS='file' AND LEAF=TRUE AND TEXT='Component Test' AND COMPONENT_NAME='SimpleComponent'
INSERT INTO NODES VALUES('2','1','file',TRUE,'Basit Grid','BasitGrid')
COMMIT
/*C223*/SET SCHEMA PUBLIC
DISCONNECT
/*C224*/SET SCHEMA PUBLIC
DISCONNECT
/*C225*/SET SCHEMA PUBLIC
DISCONNECT
/*C226*/SET SCHEMA PUBLIC
DISCONNECT
/*C227*/SET SCHEMA PUBLIC
DISCONNECT
/*C228*/SET SCHEMA PUBLIC
DISCONNECT
/*C229*/SET SCHEMA PUBLIC
DISCONNECT
/*C230*/SET SCHEMA PUBLIC
DISCONNECT
/*C231*/SET SCHEMA PUBLIC
DISCONNECT
/*C232*/SET SCHEMA PUBLIC
DISCONNECT
/*C233*/SET SCHEMA PUBLIC
DISCONNECT
/*C234*/SET SCHEMA PUBLIC
DISCONNECT
/*C235*/SET SCHEMA PUBLIC
DISCONNECT
/*C236*/SET SCHEMA PUBLIC
DISCONNECT
/*C237*/SET SCHEMA PUBLIC
DISCONNECT
/*C238*/SET SCHEMA PUBLIC
DISCONNECT
/*C239*/SET SCHEMA PUBLIC
DISCONNECT
/*C240*/SET SCHEMA PUBLIC
DISCONNECT
/*C241*/SET SCHEMA PUBLIC
DISCONNECT
/*C242*/SET SCHEMA PUBLIC
DISCONNECT
/*C243*/SET SCHEMA PUBLIC
DISCONNECT
/*C244*/SET SCHEMA PUBLIC
DISCONNECT
/*C245*/SET SCHEMA PUBLIC
DISCONNECT
/*C246*/SET SCHEMA PUBLIC
DISCONNECT
/*C247*/SET SCHEMA PUBLIC
DISCONNECT
/*C248*/SET SCHEMA PUBLIC
DISCONNECT
/*C249*/SET SCHEMA PUBLIC
DISCONNECT
/*C250*/SET SCHEMA PUBLIC
DISCONNECT
/*C251*/SET SCHEMA PUBLIC
DISCONNECT
/*C252*/SET SCHEMA PUBLIC
DISCONNECT
/*C253*/SET SCHEMA PUBLIC
DISCONNECT
/*C254*/SET SCHEMA PUBLIC
DISCONNECT
/*C255*/SET SCHEMA PUBLIC
DISCONNECT
/*C256*/SET SCHEMA PUBLIC
DISCONNECT
/*C257*/SET SCHEMA PUBLIC
DISCONNECT
/*C258*/SET SCHEMA PUBLIC
DISCONNECT
/*C259*/SET SCHEMA PUBLIC
DISCONNECT
/*C260*/SET SCHEMA PUBLIC
DISCONNECT
/*C261*/SET SCHEMA PUBLIC
DISCONNECT
/*C262*/SET SCHEMA PUBLIC
DISCONNECT
/*C263*/SET SCHEMA PUBLIC
DISCONNECT
/*C264*/SET SCHEMA PUBLIC
DISCONNECT
/*C265*/SET SCHEMA PUBLIC
DISCONNECT
/*C266*/SET SCHEMA PUBLIC
DISCONNECT
/*C267*/SET SCHEMA PUBLIC
DISCONNECT
/*C268*/SET SCHEMA PUBLIC
DISCONNECT
/*C269*/SET SCHEMA PUBLIC
DISCONNECT
/*C270*/SET SCHEMA PUBLIC
DISCONNECT
/*C271*/SET SCHEMA PUBLIC
DISCONNECT
/*C272*/SET SCHEMA PUBLIC
DISCONNECT
/*C273*/SET SCHEMA PUBLIC
DISCONNECT
/*C274*/SET SCHEMA PUBLIC
DISCONNECT
/*C275*/SET SCHEMA PUBLIC
DISCONNECT
/*C276*/SET SCHEMA PUBLIC
DISCONNECT
/*C222*/DISCONNECT
/*C277*/SET SCHEMA PUBLIC
DISCONNECT
/*C278*/SET SCHEMA PUBLIC
DISCONNECT
/*C279*/SET SCHEMA PUBLIC
DISCONNECT
/*C280*/SET SCHEMA PUBLIC
DISCONNECT
/*C281*/SET SCHEMA PUBLIC
DISCONNECT
/*C282*/SET SCHEMA PUBLIC
DISCONNECT
/*C283*/SET SCHEMA PUBLIC
DISCONNECT
/*C284*/SET SCHEMA PUBLIC
DISCONNECT
/*C285*/SET SCHEMA PUBLIC
DISCONNECT
/*C286*/SET SCHEMA PUBLIC
DISCONNECT
/*C287*/SET SCHEMA PUBLIC
DISCONNECT
/*C288*/SET SCHEMA PUBLIC
DISCONNECT
/*C289*/SET SCHEMA PUBLIC
DISCONNECT
/*C290*/SET SCHEMA PUBLIC
DISCONNECT
/*C291*/SET SCHEMA PUBLIC
DISCONNECT
/*C292*/SET SCHEMA PUBLIC
DISCONNECT
/*C293*/SET SCHEMA PUBLIC
DISCONNECT
/*C294*/SET SCHEMA PUBLIC
DISCONNECT
